<?xml version="1.0" encoding="UTF-8"?>
<coverage generated="1567359854">
  <project timestamp="1567359854">
    <package name="Epigrade\TextSpinner">
      <file name="/home/king/Work/PackageDev/epigrade/textspinner/src/TextSpinner.php">
        <class name="Epigrade\TextSpinner\TextSpinner" namespace="Epigrade\TextSpinner">
          <metrics complexity="29" methods="14" coveredmethods="3" conditionals="0" coveredconditionals="0" statements="77" coveredstatements="35" elements="91" coveredelements="38"/>
        </class>
        <line num="21" type="method" name="__construct" visibility="public" complexity="1" crap="1" count="12"/>
        <line num="23" type="stmt" count="12"/>
        <line num="24" type="stmt" count="12"/>
        <line num="26" type="stmt" count="12"/>
        <line num="32" type="stmt" count="12"/>
        <line num="37" type="method" name="getSpintax" visibility="public" complexity="1" crap="2.00" count="0"/>
        <line num="39" type="stmt" count="0"/>
        <line num="45" type="method" name="setSpintax" visibility="public" complexity="1" crap="2.00" count="0"/>
        <line num="47" type="stmt" count="0"/>
        <line num="48" type="stmt" count="0"/>
        <line num="53" type="method" name="getPlaceholders" visibility="public" complexity="1" crap="2.00" count="0"/>
        <line num="55" type="stmt" count="0"/>
        <line num="61" type="method" name="setPlaceholders" visibility="public" complexity="1" crap="2.00" count="0"/>
        <line num="63" type="stmt" count="0"/>
        <line num="64" type="stmt" count="0"/>
        <line num="69" type="method" name="getSyntaxMarkers" visibility="public" complexity="1" crap="2.00" count="0"/>
        <line num="71" type="stmt" count="0"/>
        <line num="77" type="method" name="setSyntaxMarkers" visibility="public" complexity="1" crap="2.00" count="0"/>
        <line num="79" type="stmt" count="0"/>
        <line num="80" type="stmt" count="0"/>
        <line num="89" type="method" name="validate" visibility="public" complexity="7" crap="7" count="12"/>
        <line num="91" type="stmt" count="12"/>
        <line num="92" type="stmt" count="12"/>
        <line num="93" type="stmt" count="12"/>
        <line num="94" type="stmt" count="12"/>
        <line num="95" type="stmt" count="12"/>
        <line num="96" type="stmt" count="12"/>
        <line num="97" type="stmt" count="12"/>
        <line num="99" type="stmt" count="12"/>
        <line num="100" type="stmt" count="9"/>
        <line num="101" type="stmt" count="6"/>
        <line num="102" type="stmt" count="3"/>
        <line num="105" type="stmt" count="6"/>
        <line num="107" type="stmt" count="3"/>
        <line num="117" type="method" name="invalidPlaceholders" visibility="public" complexity="6" crap="6" count="6"/>
        <line num="119" type="stmt" count="6"/>
        <line num="120" type="stmt" count="6"/>
        <line num="122" type="stmt" count="6"/>
        <line num="123" type="stmt" count="6"/>
        <line num="124" type="stmt" count="6"/>
        <line num="125" type="stmt" count="6"/>
        <line num="126" type="stmt" count="6"/>
        <line num="127" type="stmt" count="6"/>
        <line num="129" type="stmt" count="6"/>
        <line num="130" type="stmt" count="6"/>
        <line num="131" type="stmt" count="6"/>
        <line num="133" type="stmt" count="6"/>
        <line num="134" type="stmt" count="4"/>
        <line num="135" type="stmt" count="6"/>
        <line num="137" type="stmt" count="3"/>
        <line num="140" type="stmt" count="6"/>
        <line num="141" type="stmt" count="3"/>
        <line num="143" type="stmt" count="3"/>
        <line num="151" type="method" name="spin" visibility="public" complexity="2" crap="6.00" count="0"/>
        <line num="153" type="stmt" count="0"/>
        <line num="154" type="stmt" count="0"/>
        <line num="155" type="stmt" count="0"/>
        <line num="156" type="stmt" count="0"/>
        <line num="168" type="method" name="replacePlaceholders" visibility="public" complexity="3" crap="12.00" count="0"/>
        <line num="170" type="stmt" count="0"/>
        <line num="171" type="stmt" count="0"/>
        <line num="172" type="stmt" count="0"/>
        <line num="173" type="stmt" count="0"/>
        <line num="174" type="stmt" count="0"/>
        <line num="175" type="stmt" count="0"/>
        <line num="176" type="stmt" count="0"/>
        <line num="177" type="stmt" count="0"/>
        <line num="178" type="stmt" count="0"/>
        <line num="181" type="stmt" count="0"/>
        <line num="184" type="method" name="spinPass" visibility="private" complexity="2" crap="6.00" count="0"/>
        <line num="186" type="stmt" count="0"/>
        <line num="187" type="stmt" count="0"/>
        <line num="188" type="stmt" count="0"/>
        <line num="189" type="stmt" count="0"/>
        <line num="190" type="stmt" count="0"/>
        <line num="191" type="stmt" count="0"/>
        <line num="192" type="stmt" count="0"/>
        <line num="193" type="stmt" count="0"/>
        <line num="194" type="stmt" count="0"/>
        <line num="195" type="stmt" count="0"/>
        <line num="196" type="stmt" count="0"/>
        <line num="197" type="stmt" count="0"/>
        <line num="199" type="stmt" count="0"/>
        <line num="202" type="method" name="strReplaceFirst" visibility="private" complexity="1" crap="2.00" count="0"/>
        <line num="204" type="stmt" count="0"/>
        <line num="205" type="stmt" count="0"/>
        <line num="206" type="stmt" count="0"/>
        <line num="207" type="stmt" count="0"/>
        <line num="208" type="stmt" count="0"/>
        <line num="211" type="method" name="inStr" visibility="private" complexity="1" crap="2.00" count="0"/>
        <line num="213" type="stmt" count="0"/>
        <metrics loc="215" ncloc="160" classes="1" methods="14" coveredmethods="3" conditionals="0" coveredconditionals="0" statements="77" coveredstatements="35" elements="91" coveredelements="38"/>
      </file>
    </package>
    <file name="/home/king/Work/PackageDev/epigrade/textspinner/src/test.php">
      <line num="5" type="stmt" count="0"/>
      <line num="7" type="stmt" count="0"/>
      <line num="8" type="stmt" count="0"/>
      <line num="9" type="stmt" count="0"/>
      <line num="11" type="stmt" count="0"/>
      <line num="12" type="stmt" count="0"/>
      <line num="13" type="stmt" count="0"/>
      <metrics loc="13" ncloc="11" classes="0" methods="0" coveredmethods="0" conditionals="0" coveredconditionals="0" statements="7" coveredstatements="0" elements="7" coveredelements="0"/>
    </file>
    <metrics files="2" loc="228" ncloc="171" classes="1" methods="14" coveredmethods="3" conditionals="0" coveredconditionals="0" statements="84" coveredstatements="35" elements="98" coveredelements="38"/>
  </project>
</coverage>
