<?xml version="1.0" encoding="UTF-8"?>
<testsuites>
  <testsuite name="TextSpinner Test Suite" tests="18" assertions="12" errors="3" failures="3" skipped="0" time="0.028799">
    <testsuite name="Epigrade\TextSpinner\Test\ConstructorTest" file="/home/king/Work/PackageDev/epigrade/textspinner/tests/ConstructorTest.php" tests="3" assertions="0" errors="3" failures="0" skipped="0" time="0.005929">
      <testcase name="testConstructorWithoutArguments" class="Epigrade\TextSpinner\Test\ConstructorTest" classname="Epigrade.TextSpinner.Test.ConstructorTest" file="/home/king/Work/PackageDev/epigrade/textspinner/tests/ConstructorTest.php" line="10" assertions="0" time="0.003812">
        <error type="PHPUnit\Framework\RiskyTestError">Risky Test
</error>
      </testcase>
      <testcase name="testConstructorWithSpintax" class="Epigrade\TextSpinner\Test\ConstructorTest" classname="Epigrade.TextSpinner.Test.ConstructorTest" file="/home/king/Work/PackageDev/epigrade/textspinner/tests/ConstructorTest.php" line="13" assertions="0" time="0.001071">
        <error type="PHPUnit\Framework\RiskyTestError">Risky Test
</error>
      </testcase>
      <testcase name="testConstructorWithSpintaxAndPlaceholders" class="Epigrade\TextSpinner\Test\ConstructorTest" classname="Epigrade.TextSpinner.Test.ConstructorTest" file="/home/king/Work/PackageDev/epigrade/textspinner/tests/ConstructorTest.php" line="16" assertions="0" time="0.001046">
        <error type="PHPUnit\Framework\RiskyTestError">Risky Test
</error>
      </testcase>
    </testsuite>
    <testsuite name="Epigrade\TextSpinner\Test\GettersTest" file="/home/king/Work/PackageDev/epigrade/textspinner/tests/GettersTest.php" tests="1" assertions="0" errors="0" failures="1" skipped="0" time="0.001111">
      <testcase name="Warning" assertions="0" time="0.001111">
        <warning type="PHPUnit\Framework\Warning">Warning
No tests found in class "Epigrade\TextSpinner\Test\GettersTest".

</warning>
      </testcase>
    </testsuite>
    <testsuite name="Epigrade\TextSpinner\Test\SettersTest" file="/home/king/Work/PackageDev/epigrade/textspinner/tests/SettersTest.php" tests="1" assertions="0" errors="0" failures="1" skipped="0" time="0.000156">
      <testcase name="Warning" assertions="0" time="0.000156">
        <warning type="PHPUnit\Framework\Warning">Warning
No tests found in class "Epigrade\TextSpinner\Test\SettersTest".

</warning>
      </testcase>
    </testsuite>
    <testsuite name="Epigrade\TextSpinner\Test\SpinTest" file="/home/king/Work/PackageDev/epigrade/textspinner/tests/SpinTest.php" tests="1" assertions="0" errors="0" failures="1" skipped="0" time="0.000157">
      <testcase name="Warning" assertions="0" time="0.000157">
        <warning type="PHPUnit\Framework\Warning">Warning
No tests found in class "Epigrade\TextSpinner\Test\SpinTest".

</warning>
      </testcase>
    </testsuite>
    <testsuite name="Epigrade\TextSpinner\Test\ValidateTest" file="/home/king/Work/PackageDev/epigrade/textspinner/tests/ValidateTest.php" tests="12" assertions="12" errors="0" failures="0" skipped="0" time="0.021446">
      <testsuite name="Epigrade\TextSpinner\Test\ValidateTest::testValidatorValid" tests="3" assertions="3" errors="0" failures="0" skipped="0" time="0.006085">
        <testcase name="testValidatorValid with data set #0" class="Epigrade\TextSpinner\Test\ValidateTest" classname="Epigrade.TextSpinner.Test.ValidateTest" file="/home/king/Work/PackageDev/epigrade/textspinner/tests/ValidateTest.php" line="31" assertions="1" time="0.002511"/>
        <testcase name="testValidatorValid with data set #1" class="Epigrade\TextSpinner\Test\ValidateTest" classname="Epigrade.TextSpinner.Test.ValidateTest" file="/home/king/Work/PackageDev/epigrade/textspinner/tests/ValidateTest.php" line="31" assertions="1" time="0.001802"/>
        <testcase name="testValidatorValid with data set #2" class="Epigrade\TextSpinner\Test\ValidateTest" classname="Epigrade.TextSpinner.Test.ValidateTest" file="/home/king/Work/PackageDev/epigrade/textspinner/tests/ValidateTest.php" line="31" assertions="1" time="0.001772"/>
      </testsuite>
      <testsuite name="Epigrade\TextSpinner\Test\ValidateTest::testValidatorInvalid" tests="3" assertions="3" errors="0" failures="0" skipped="0" time="0.004681">
        <testcase name="testValidatorInvalid with data set #0" class="Epigrade\TextSpinner\Test\ValidateTest" classname="Epigrade.TextSpinner.Test.ValidateTest" file="/home/king/Work/PackageDev/epigrade/textspinner/tests/ValidateTest.php" line="41" assertions="1" time="0.001462"/>
        <testcase name="testValidatorInvalid with data set #1" class="Epigrade\TextSpinner\Test\ValidateTest" classname="Epigrade.TextSpinner.Test.ValidateTest" file="/home/king/Work/PackageDev/epigrade/textspinner/tests/ValidateTest.php" line="41" assertions="1" time="0.001522"/>
        <testcase name="testValidatorInvalid with data set #2" class="Epigrade\TextSpinner\Test\ValidateTest" classname="Epigrade.TextSpinner.Test.ValidateTest" file="/home/king/Work/PackageDev/epigrade/textspinner/tests/ValidateTest.php" line="41" assertions="1" time="0.001697"/>
      </testsuite>
      <testsuite name="Epigrade\TextSpinner\Test\ValidateTest::testValidatorPlaceholdersValid" tests="3" assertions="3" errors="0" failures="0" skipped="0" time="0.005210">
        <testcase name="testValidatorPlaceholdersValid with data set #0" class="Epigrade\TextSpinner\Test\ValidateTest" classname="Epigrade.TextSpinner.Test.ValidateTest" file="/home/king/Work/PackageDev/epigrade/textspinner/tests/ValidateTest.php" line="51" assertions="1" time="0.001793"/>
        <testcase name="testValidatorPlaceholdersValid with data set #1" class="Epigrade\TextSpinner\Test\ValidateTest" classname="Epigrade.TextSpinner.Test.ValidateTest" file="/home/king/Work/PackageDev/epigrade/textspinner/tests/ValidateTest.php" line="51" assertions="1" time="0.001663"/>
        <testcase name="testValidatorPlaceholdersValid with data set #2" class="Epigrade\TextSpinner\Test\ValidateTest" classname="Epigrade.TextSpinner.Test.ValidateTest" file="/home/king/Work/PackageDev/epigrade/textspinner/tests/ValidateTest.php" line="51" assertions="1" time="0.001754"/>
      </testsuite>
      <testsuite name="Epigrade\TextSpinner\Test\ValidateTest::testValidatorPlaceholdersInvalid" tests="3" assertions="3" errors="0" failures="0" skipped="0" time="0.005470">
        <testcase name="testValidatorPlaceholdersInvalid with data set #0" class="Epigrade\TextSpinner\Test\ValidateTest" classname="Epigrade.TextSpinner.Test.ValidateTest" file="/home/king/Work/PackageDev/epigrade/textspinner/tests/ValidateTest.php" line="61" assertions="1" time="0.001767"/>
        <testcase name="testValidatorPlaceholdersInvalid with data set #1" class="Epigrade\TextSpinner\Test\ValidateTest" classname="Epigrade.TextSpinner.Test.ValidateTest" file="/home/king/Work/PackageDev/epigrade/textspinner/tests/ValidateTest.php" line="61" assertions="1" time="0.001902"/>
        <testcase name="testValidatorPlaceholdersInvalid with data set #2" class="Epigrade\TextSpinner\Test\ValidateTest" classname="Epigrade.TextSpinner.Test.ValidateTest" file="/home/king/Work/PackageDev/epigrade/textspinner/tests/ValidateTest.php" line="61" assertions="1" time="0.001801"/>
      </testsuite>
    </testsuite>
  </testsuite>
</testsuites>
